
> frontend@0.1.0 build
> next build

   Γû▓ Next.js 14.1.0

   Creating an optimized production build ...
node.exe : Failed to 
compile.
At line:1 char:1
+ & "C:\Program Files
\nodejs/node.exe" 
"C:\Program 
Files\nodejs/node_mo 
...
+ ~~~~~~~~~~~~~~~~~~~
~~~~~~~~~~~~~~~~~~~~~
~~~~~~~~~~~~~~~~~~~~~
~~~~~~~~
    + CategoryInfo   
           : NotSpe  
  cified: (Failed    
 to compile.:Stri    
ng) [], RemoteEx    
ception
    + FullyQualified 
   ErrorId : Native  
  CommandError
 

src\app\layout.tsx
`next/font` error:
Unknown font `Geist`

src\app\layout.tsx
`next/font` error:
Unknown font `Geist 
Mono`

./src/app/page.tsx
Module not found: 
Can't resolve 
'lucide-react'

https://nextjs.org/do
cs/messages/module-no
t-found


> Build failed 
because of webpack 
errors

